info it worked if it ends with ok
verbose cli [ '/usr/bin/nodejs', '/usr/bin/npm', 'install', 'bower' ]
info using npm@1.1.4
info using node@v0.6.19
verbose config file /home/ed/.npmrc
verbose config file /usr/etc/npmrc
verbose config file /usr/share/npm/npmrc
verbose caching /home/ed/Dropbox/repos/kopify/node_modules/jquery/package.json
verbose cache add [ 'bower', null ]
silly cache add: name, spec, args [ undefined, 'bower', [ 'bower', null ] ]
verbose parsed url { pathname: 'bower', path: 'bower', href: 'bower' }
verbose addNamed [ 'bower', '' ]
verbose addNamed [ null, '' ]
silly name, range, hasData [ 'bower', '', false ]
verbose raw, before any munging bower
verbose url resolving [ 'https://registry.npmjs.org/', './bower' ]
verbose url resolved https://registry.npmjs.org/bower
verbose etag "488IJTUFWX2DWCMCH1NJYL4MC"
http GET https://registry.npmjs.org/bower
http 304 https://registry.npmjs.org/bower
silly get cb [ 304,
silly get cb   { server: 'CouchDB/1.2.1 (Erlang OTP/R15B03)',
silly get cb     etag: '"488IJTUFWX2DWCMCH1NJYL4MC"',
silly get cb     date: 'Wed, 20 Feb 2013 10:26:31 GMT',
silly get cb     'content-length': '0' } ]
verbose etag bower from cache
silly name, range, hasData 2 [ 'bower', '', true ]
silly versions [ 'bower', [] ]
ERR! Error: No compatible version found: bower
ERR! No valid targets found.
ERR! Perhaps not compatible with your version of node?
ERR!     at installTargetsError (/usr/share/npm/lib/cache.js:488:10)
ERR!     at next_ (/usr/share/npm/lib/cache.js:438:17)
ERR!     at next (/usr/share/npm/lib/cache.js:415:44)
ERR!     at /usr/share/npm/lib/cache.js:408:5
ERR!     at saved (/usr/share/npm/lib/utils/npm-registry-client/get.js:147:7)
ERR!     at Object.oncomplete (/usr/lib/nodejs/graceful-fs.js:230:7)
ERR! You may report this log at:
ERR!     <http://bugs.debian.org/npm>
ERR! or use
ERR!     reportbug --attach /home/ed/Dropbox/repos/kopify/npm-debug.log npm
ERR! 
ERR! System Linux 3.5.0-17-generic
ERR! command "/usr/bin/nodejs" "/usr/bin/npm" "install" "bower"
ERR! cwd /home/ed/Dropbox/repos/kopify
ERR! node -v v0.6.19
ERR! npm -v 1.1.4
ERR! message No compatible version found: bower
ERR! message No valid targets found.
ERR! message Perhaps not compatible with your version of node?
verbose exit [ 1, true ]
